[2021-08-08 19:43:43] in [8888] r1
[2021-08-08 19:43:43] in [8888] eyal has joined room [1] 

[2021-08-08 19:43:53] in [8888] eyal has left

[2021-08-09 02:41:37] in [8888] r2
[2021-08-09 02:41:37] in [8888] ronie has joined room [2] 

[2021-08-09 02:42:52] in [8888] r2
[2021-08-09 02:42:52] in [8888] eyal has joined room [2] 

[2021-08-09 02:43:27] in [8888] ronie has left

[2021-08-09 02:43:29] in [8888] eyal has left

[2021-08-09 10:38:48] in [8888] r1
[2021-08-09 10:38:48] in [8888] eyal has joined room [1] 

[2021-08-09 10:38:52] in [8888] eyal has left

[2021-08-09 10:40:11] in [8888] r1
[2021-08-09 10:40:11] in [8888] eyal has joined room [1] 

[2021-08-09 10:40:37] in [8888] r1
[2021-08-09 10:40:37] in [8888] gg has joined room [1] 

[2021-08-09 10:40:46] in [8888] gg has left

[2021-08-09 10:40:48] in [8888] eyal has left

[2021-08-09 13:43:47] in [8888] r1
[2021-08-09 13:43:47] in [8888] eyal has joined room [1] 

[2021-08-09 13:44:00] in [8888] r1
[2021-08-09 13:44:00] in [8888] rr has joined room [1] 

[2021-08-09 13:44:22] in [8888] rr has left

[2021-08-09 13:44:24] in [8888] eyal has left

[2021-08-09 13:59:21] in [8888] r1
[2021-08-09 13:59:21] in [8888] eyal has joined room [1] 

[2021-08-09 13:59:28] in [8888] eyal has left

[2021-08-09 13:59:36] in [8888] r1
[2021-08-09 13:59:36] in [8888] tal has joined room [1] 

[2021-08-09 14:00:06] in [8888] r1
[2021-08-09 14:00:06] in [8888] tsl has joined room [1] 

[2021-08-09 14:00:32] in [8888] tal has left

[2021-08-09 14:00:37] in [8888] tsl has left

[2021-08-09 14:07:29] in [8888] r1
[2021-08-09 14:07:29] in [8888] eyal has joined room [1] 

[2021-08-09 14:07:37] in [8888] r1
[2021-08-09 14:07:37] in [8888] yosi has joined room [1] 

[2021-08-09 14:07:49] in [8888] eyal has left

[2021-08-09 14:07:50] in [8888] yosi has left

[2021-08-09 15:03:38] in [8888] r1
[2021-08-09 15:03:38] in [8888] eyal has joined room [1] 

[2021-08-09 15:03:48] in [8888] r1
[2021-08-09 15:03:48] in [8888] tal has joined room [1] 

[2021-08-09 15:03:58] in [8888] eyal has left

[2021-08-09 15:04:00] in [8888] tal has left

[2021-08-09 15:20:08] in [8888] r1
[2021-08-09 15:20:08] in [8888] eyal has joined room [1] 

[2021-08-09 15:20:13] in [8888] r1
[2021-08-09 15:20:13] in [8888] tal has joined room [1] 

[2021-08-09 15:20:26] in [8888] eyal has left

[2021-08-09 15:20:27] in [8888] tal has left

